  [1m[36m (1.2ms)[0m  [1mCREATE TABLE "schema_migrations" ("version" varchar NOT NULL) [0m
  [1m[35m (19.1ms)[0m  select sqlite_version(*)
  [1m[36m (1.1ms)[0m  [1mCREATE UNIQUE INDEX "unique_schema_migrations" ON "schema_migrations" ("version")[0m
  [1m[35mActiveRecord::SchemaMigration Load (0.1ms)[0m  SELECT "schema_migrations".* FROM "schema_migrations"
Migrating to CreateTasks (20160310221642)
  [1m[36m (0.0ms)[0m  [1mbegin transaction[0m
  [1m[35m (4.0ms)[0m  CREATE TABLE "tasks" ("id" INTEGER PRIMARY KEY AUTOINCREMENT NOT NULL, "name" varchar, "created_at" datetime NOT NULL, "updated_at" datetime NOT NULL) 
  [1m[36mSQL (0.2ms)[0m  [1mINSERT INTO "schema_migrations" ("version") VALUES (?)[0m  [["version", "20160310221642"]]
  [1m[35m (1.1ms)[0m  commit transaction
  [1m[36mActiveRecord::SchemaMigration Load (0.1ms)[0m  [1mSELECT "schema_migrations".* FROM "schema_migrations"[0m


Started GET "/tasks" for ::1 at 2016-03-10 15:22:59 -0700
  [1m[36mActiveRecord::SchemaMigration Load (0.1ms)[0m  [1mSELECT "schema_migrations".* FROM "schema_migrations"[0m
Processing by TasksController#index as JSON
  [1m[35mTask Load (0.2ms)[0m  SELECT "tasks".* FROM "tasks"
Completed 200 OK in 3ms (Views: 0.9ms | ActiveRecord: 0.3ms)


Started GET "/tasks.json" for ::1 at 2016-03-10 15:23:24 -0700
Processing by TasksController#index as JSON
  [1m[36mTask Load (0.1ms)[0m  [1mSELECT "tasks".* FROM "tasks"[0m
Completed 200 OK in 1ms (Views: 0.3ms | ActiveRecord: 0.1ms)


Started POST "/tasks" for ::1 at 2016-03-10 15:23:28 -0700
Processing by TasksController#create as */*
  Parameters: {"task"=>{"name"=>"fdsdf"}}
  [1m[35m (0.1ms)[0m  begin transaction
  [1m[36mSQL (0.3ms)[0m  [1mINSERT INTO "tasks" ("name", "created_at", "updated_at") VALUES (?, ?, ?)[0m  [["name", "fdsdf"], ["created_at", "2016-03-10 22:23:28.919446"], ["updated_at", "2016-03-10 22:23:28.919446"]]
  [1m[35m (0.9ms)[0m  commit transaction
Completed 201 Created in 12ms (Views: 1.2ms | ActiveRecord: 1.5ms)


Started GET "/tasks.json" for ::1 at 2016-03-10 15:23:32 -0700
Processing by TasksController#index as JSON
  [1m[36mTask Load (0.1ms)[0m  [1mSELECT "tasks".* FROM "tasks"[0m
Completed 200 OK in 1ms (Views: 1.0ms | ActiveRecord: 0.1ms)


Started GET "/tasks" for ::1 at 2016-03-10 15:23:35 -0700
Processing by TasksController#index as JSON
  [1m[35mTask Load (0.2ms)[0m  SELECT "tasks".* FROM "tasks"
Completed 200 OK in 1ms (Views: 0.9ms | ActiveRecord: 0.2ms)


Started GET "/tasks.json" for ::1 at 2016-03-10 15:24:44 -0700
Processing by TasksController#index as JSON
  [1m[36mTask Load (0.1ms)[0m  [1mSELECT "tasks".* FROM "tasks"[0m
Completed 200 OK in 1ms (Views: 0.6ms | ActiveRecord: 0.1ms)


Started GET "/tasks.json" for ::1 at 2016-03-10 15:28:14 -0700
  [1m[36mActiveRecord::SchemaMigration Load (0.1ms)[0m  [1mSELECT "schema_migrations".* FROM "schema_migrations"[0m
Processing by TasksController#index as JSON
  [1m[35mTask Load (0.1ms)[0m  SELECT "tasks".* FROM "tasks"
Completed 200 OK in 6ms (Views: 4.3ms | ActiveRecord: 0.6ms)


Started GET "/tasks.xml" for ::1 at 2016-03-10 15:28:18 -0700
Processing by TasksController#index as XML
  [1m[36mTask Load (0.1ms)[0m  [1mSELECT "tasks".* FROM "tasks"[0m
Completed 200 OK in 95ms (Views: 94.4ms | ActiveRecord: 0.1ms)


Started GET "/tasks.json" for ::1 at 2016-03-10 15:29:16 -0700
Processing by TasksController#index as JSON
  [1m[35mTask Load (0.3ms)[0m  SELECT "tasks".* FROM "tasks"
Completed 200 OK in 6ms (Views: 3.6ms | ActiveRecord: 0.6ms)


Started GET "/tasks.json" for ::1 at 2016-03-10 15:32:25 -0700
Processing by TasksController#index as JSON
  [1m[36mTask Load (0.1ms)[0m  [1mSELECT "tasks".* FROM "tasks"[0m
Completed 200 OK in 1ms (Views: 0.6ms | ActiveRecord: 0.1ms)


Started GET "/tasks" for ::1 at 2016-03-10 15:32:28 -0700
Processing by TasksController#index as JSON
  [1m[35mTask Load (0.2ms)[0m  SELECT "tasks".* FROM "tasks"
Completed 200 OK in 1ms (Views: 0.7ms | ActiveRecord: 0.2ms)


Started GET "/tasks" for ::1 at 2016-03-10 15:32:42 -0700
Processing by TasksController#index as JSON
  [1m[36mTask Load (0.2ms)[0m  [1mSELECT "tasks".* FROM "tasks"[0m
Completed 200 OK in 1ms (Views: 0.8ms | ActiveRecord: 0.2ms)


Started GET "/tasks" for ::1 at 2016-03-10 15:38:22 -0700
  [1m[36mActiveRecord::SchemaMigration Load (0.2ms)[0m  [1mSELECT "schema_migrations".* FROM "schema_migrations"[0m
Processing by TasksController#index as JSON
  [1m[35mTask Load (0.2ms)[0m  SELECT "tasks".* FROM "tasks"
Completed 200 OK in 8ms (Views: 5.3ms | ActiveRecord: 0.5ms)


Started GET "/tasks" for ::1 at 2016-03-10 15:38:49 -0700
Processing by TasksController#index as JSON
  [1m[36mTask Load (0.2ms)[0m  [1mSELECT "tasks".* FROM "tasks"[0m
Completed 200 OK in 1ms (Views: 1.0ms | ActiveRecord: 0.2ms)


Started GET "/tasks" for ::1 at 2016-03-10 15:39:06 -0700
Processing by TasksController#index as JSON
  [1m[35mTask Load (0.2ms)[0m  SELECT "tasks".* FROM "tasks"
Completed 200 OK in 1ms (Views: 0.7ms | ActiveRecord: 0.2ms)


Started GET "/tasks" for ::1 at 2016-03-10 15:39:17 -0700
Processing by TasksController#index as JSON
  [1m[36mTask Load (0.2ms)[0m  [1mSELECT "tasks".* FROM "tasks"[0m
Completed 200 OK in 2ms (Views: 1.0ms | ActiveRecord: 0.2ms)


Started GET "/tasks/1" for ::1 at 2016-03-10 15:39:18 -0700
Processing by TasksController#show as */*
  Parameters: {"id"=>"1"}
  [1m[35mTask Load (0.2ms)[0m  SELECT  "tasks".* FROM "tasks" WHERE "tasks"."id" = ? LIMIT 1  [["id", 1]]
Completed 200 OK in 22ms (Views: 0.4ms | ActiveRecord: 0.2ms)


Started GET "/tasks" for ::1 at 2016-03-10 15:40:59 -0700
Processing by TasksController#index as HTML
Completed 406 Not Acceptable in 1ms (ActiveRecord: 0.0ms)

ActionController::UnknownFormat (ActionController::UnknownFormat):
  app/controllers/tasks_controller.rb:13:in `index'


  Rendered /Users/hunabsys/.rvm/gems/ruby-2.2.2@global/gems/actionpack-4.2.5.2/lib/action_dispatch/middleware/templates/rescues/_source.erb (4.6ms)
  Rendered /Users/hunabsys/.rvm/gems/ruby-2.2.2@global/gems/actionpack-4.2.5.2/lib/action_dispatch/middleware/templates/rescues/_trace.html.erb (2.0ms)
  Rendered /Users/hunabsys/.rvm/gems/ruby-2.2.2@global/gems/actionpack-4.2.5.2/lib/action_dispatch/middleware/templates/rescues/_request_and_response.html.erb (0.8ms)
  Rendered /Users/hunabsys/.rvm/gems/ruby-2.2.2@global/gems/actionpack-4.2.5.2/lib/action_dispatch/middleware/templates/rescues/diagnostics.html.erb within rescues/layout (56.0ms)


Started GET "/tasks" for ::1 at 2016-03-10 15:41:13 -0700
Processing by TasksController#index as HTML
Completed 406 Not Acceptable in 0ms (ActiveRecord: 0.0ms)

ActionController::UnknownFormat (ActionController::UnknownFormat):
  app/controllers/tasks_controller.rb:13:in `index'


  Rendered /Users/hunabsys/.rvm/gems/ruby-2.2.2@global/gems/actionpack-4.2.5.2/lib/action_dispatch/middleware/templates/rescues/_source.erb (4.9ms)
  Rendered /Users/hunabsys/.rvm/gems/ruby-2.2.2@global/gems/actionpack-4.2.5.2/lib/action_dispatch/middleware/templates/rescues/_trace.html.erb (2.1ms)
  Rendered /Users/hunabsys/.rvm/gems/ruby-2.2.2@global/gems/actionpack-4.2.5.2/lib/action_dispatch/middleware/templates/rescues/_request_and_response.html.erb (0.9ms)
  Rendered /Users/hunabsys/.rvm/gems/ruby-2.2.2@global/gems/actionpack-4.2.5.2/lib/action_dispatch/middleware/templates/rescues/diagnostics.html.erb within rescues/layout (52.5ms)


Started GET "/tasks" for ::1 at 2016-03-10 15:42:41 -0700
Processing by TasksController#index as HTML
Completed 406 Not Acceptable in 2ms (ActiveRecord: 0.0ms)

ActionController::UnknownFormat (ActionController::UnknownFormat):
  app/controllers/tasks_controller.rb:13:in `index'


  Rendered /Users/hunabsys/.rvm/gems/ruby-2.2.2@global/gems/actionpack-4.2.5.2/lib/action_dispatch/middleware/templates/rescues/_source.erb (4.7ms)
  Rendered /Users/hunabsys/.rvm/gems/ruby-2.2.2@global/gems/actionpack-4.2.5.2/lib/action_dispatch/middleware/templates/rescues/_trace.html.erb (2.1ms)
  Rendered /Users/hunabsys/.rvm/gems/ruby-2.2.2@global/gems/actionpack-4.2.5.2/lib/action_dispatch/middleware/templates/rescues/_request_and_response.html.erb (0.8ms)
  Rendered /Users/hunabsys/.rvm/gems/ruby-2.2.2@global/gems/actionpack-4.2.5.2/lib/action_dispatch/middleware/templates/rescues/diagnostics.html.erb within rescues/layout (54.1ms)


Started GET "/tasks" for ::1 at 2016-03-10 15:42:58 -0700
  [1m[36mActiveRecord::SchemaMigration Load (0.1ms)[0m  [1mSELECT "schema_migrations".* FROM "schema_migrations"[0m
Processing by TasksController#index as HTML
Completed 406 Not Acceptable in 2ms (ActiveRecord: 0.0ms)

ActionController::UnknownFormat (ActionController::UnknownFormat):
  app/controllers/tasks_controller.rb:13:in `index'


  Rendered /Users/hunabsys/.rvm/gems/ruby-2.2.2@global/gems/actionpack-4.2.5.2/lib/action_dispatch/middleware/templates/rescues/_source.erb (5.0ms)
  Rendered /Users/hunabsys/.rvm/gems/ruby-2.2.2@global/gems/actionpack-4.2.5.2/lib/action_dispatch/middleware/templates/rescues/_trace.html.erb (2.5ms)
  Rendered /Users/hunabsys/.rvm/gems/ruby-2.2.2@global/gems/actionpack-4.2.5.2/lib/action_dispatch/middleware/templates/rescues/_request_and_response.html.erb (1.0ms)
  Rendered /Users/hunabsys/.rvm/gems/ruby-2.2.2@global/gems/actionpack-4.2.5.2/lib/action_dispatch/middleware/templates/rescues/diagnostics.html.erb within rescues/layout (55.7ms)


Started GET "/tasks" for ::1 at 2016-03-10 15:43:22 -0700
Processing by TasksController#index as HTML
Completed 406 Not Acceptable in 1ms (ActiveRecord: 0.0ms)

ActionController::UnknownFormat (ActionController::UnknownFormat):
  app/controllers/tasks_controller.rb:13:in `index'


  Rendered /Users/hunabsys/.rvm/gems/ruby-2.2.2@global/gems/actionpack-4.2.5.2/lib/action_dispatch/middleware/templates/rescues/_source.erb (5.0ms)
  Rendered /Users/hunabsys/.rvm/gems/ruby-2.2.2@global/gems/actionpack-4.2.5.2/lib/action_dispatch/middleware/templates/rescues/_trace.html.erb (2.2ms)
  Rendered /Users/hunabsys/.rvm/gems/ruby-2.2.2@global/gems/actionpack-4.2.5.2/lib/action_dispatch/middleware/templates/rescues/_request_and_response.html.erb (0.9ms)
  Rendered /Users/hunabsys/.rvm/gems/ruby-2.2.2@global/gems/actionpack-4.2.5.2/lib/action_dispatch/middleware/templates/rescues/diagnostics.html.erb within rescues/layout (55.0ms)


Started GET "/tasks" for ::1 at 2016-03-10 15:44:25 -0700
  [1m[36mActiveRecord::SchemaMigration Load (0.2ms)[0m  [1mSELECT "schema_migrations".* FROM "schema_migrations"[0m

SyntaxError (/Users/hunabsys/projectbook/todo/app/controllers/tasks_controller.rb:63: syntax error, unexpected keyword_end, expecting end-of-input):
  app/controllers/tasks_controller.rb:63: syntax error, unexpected keyword_end, expecting end-of-input


  Rendered /Users/hunabsys/.rvm/gems/ruby-2.2.2@global/gems/actionpack-4.2.5.2/lib/action_dispatch/middleware/templates/rescues/_source.erb (5.2ms)
  Rendered /Users/hunabsys/.rvm/gems/ruby-2.2.2@global/gems/actionpack-4.2.5.2/lib/action_dispatch/middleware/templates/rescues/_trace.html.erb (2.5ms)
  Rendered /Users/hunabsys/.rvm/gems/ruby-2.2.2@global/gems/actionpack-4.2.5.2/lib/action_dispatch/middleware/templates/rescues/_request_and_response.html.erb (1.0ms)
  Rendered /Users/hunabsys/.rvm/gems/ruby-2.2.2@global/gems/actionpack-4.2.5.2/lib/action_dispatch/middleware/templates/rescues/diagnostics.html.erb within rescues/layout (56.0ms)


Started GET "/tasks" for ::1 at 2016-03-10 15:44:45 -0700
Processing by TasksController#index as HTML
  [1m[35mTask Load (0.3ms)[0m  SELECT "tasks".* FROM "tasks"
Completed 200 OK in 18ms (Views: 15.7ms | ActiveRecord: 0.6ms)


Started GET "/tasks/1" for ::1 at 2016-03-10 15:44:48 -0700
Processing by TasksController#show as */*
  Parameters: {"id"=>"1"}
  [1m[36mTask Load (0.2ms)[0m  [1mSELECT  "tasks".* FROM "tasks" WHERE "tasks"."id" = ? LIMIT 1[0m  [["id", 1]]
Completed 200 OK in 6ms (Views: 0.4ms | ActiveRecord: 0.2ms)


Started GET "/tasks" for ::1 at 2016-03-10 15:45:01 -0700
Processing by TasksController#index as HTML
  [1m[35mTask Load (0.2ms)[0m  SELECT "tasks".* FROM "tasks"
Completed 200 OK in 1ms (Views: 0.7ms | ActiveRecord: 0.2ms)


Started POST "/tasks" for ::1 at 2016-03-10 15:45:10 -0700
Processing by TasksController#create as */*
  Parameters: {"task"=>{"name"=>"Gmail"}}
  [1m[36m (0.1ms)[0m  [1mbegin transaction[0m
  [1m[35mSQL (0.4ms)[0m  INSERT INTO "tasks" ("name", "created_at", "updated_at") VALUES (?, ?, ?)  [["name", "Gmail"], ["created_at", "2016-03-10 22:45:10.220172"], ["updated_at", "2016-03-10 22:45:10.220172"]]
  [1m[36m (1.2ms)[0m  [1mcommit transaction[0m
Completed 201 Created in 13ms (Views: 0.9ms | ActiveRecord: 1.6ms)


Started GET "/tasks" for ::1 at 2016-03-10 15:46:57 -0700
Processing by TasksController#index as HTML
  [1m[35mTask Load (0.2ms)[0m  SELECT "tasks".* FROM "tasks"
Completed 200 OK in 1ms (Views: 1.0ms | ActiveRecord: 0.2ms)


Started GET "/tasks" for ::1 at 2016-03-10 15:51:52 -0700
Processing by TasksController#index as HTML
  [1m[36mTask Load (0.2ms)[0m  [1mSELECT "tasks".* FROM "tasks"[0m
Completed 200 OK in 1ms (Views: 1.0ms | ActiveRecord: 0.2ms)


Started POST "/tasks" for ::1 at 2016-03-10 15:52:01 -0700
Processing by TasksController#create as */*
  Parameters: {"task"=>{"name"=>"NuevoRecord"}}
  [1m[35m (0.1ms)[0m  begin transaction
  [1m[36mSQL (0.2ms)[0m  [1mINSERT INTO "tasks" ("name", "created_at", "updated_at") VALUES (?, ?, ?)[0m  [["name", "NuevoRecord"], ["created_at", "2016-03-10 22:52:01.986064"], ["updated_at", "2016-03-10 22:52:01.986064"]]
  [1m[35m (0.9ms)[0m  commit transaction
Completed 201 Created in 3ms (Views: 0.4ms | ActiveRecord: 1.2ms)


Started GET "/tasks" for ::1 at 2016-03-10 16:00:14 -0700
Processing by TasksController#index as HTML
  [1m[36mTask Load (0.3ms)[0m  [1mSELECT "tasks".* FROM "tasks"[0m
Completed 200 OK in 2ms (Views: 1.5ms | ActiveRecord: 0.3ms)


Started OPTIONS "/tasks/" for ::1 at 2016-03-10 16:00:15 -0700
Processing by ApplicationController#options as */*
  Parameters: {"any"=>"tasks"}
Completed 200 OK in 0ms (ActiveRecord: 0.0ms)


Started GET "/tasks" for ::1 at 2016-03-10 16:00:33 -0700
Processing by TasksController#index as HTML
  [1m[35mTask Load (0.2ms)[0m  SELECT "tasks".* FROM "tasks"
Completed 200 OK in 1ms (Views: 1.1ms | ActiveRecord: 0.2ms)


Started OPTIONS "/tasks/1" for ::1 at 2016-03-10 16:00:34 -0700
Processing by ApplicationController#options as */*
  Parameters: {"any"=>"tasks/1"}
Completed 200 OK in 0ms (ActiveRecord: 0.0ms)


Started GET "/tasks" for ::1 at 2016-03-10 16:03:15 -0700
Processing by TasksController#index as HTML
  [1m[36mTask Load (0.2ms)[0m  [1mSELECT "tasks".* FROM "tasks"[0m
Completed 200 OK in 2ms (Views: 1.2ms | ActiveRecord: 0.2ms)


Started GET "/tasks" for ::1 at 2016-03-10 16:03:17 -0700
Processing by TasksController#index as HTML
  [1m[35mTask Load (0.2ms)[0m  SELECT "tasks".* FROM "tasks"
Completed 200 OK in 2ms (Views: 1.7ms | ActiveRecord: 0.2ms)


Started OPTIONS "/tasks/1" for ::1 at 2016-03-10 16:03:18 -0700
Processing by ApplicationController#options as */*
  Parameters: {"any"=>"tasks/1"}
Completed 200 OK in 0ms (ActiveRecord: 0.0ms)


Started GET "/tasks" for ::1 at 2016-03-10 16:06:09 -0700
Processing by TasksController#index as HTML
  [1m[36mTask Load (0.3ms)[0m  [1mSELECT "tasks".* FROM "tasks"[0m
Completed 200 OK in 10ms (Views: 3.8ms | ActiveRecord: 0.6ms)


Started OPTIONS "/tasks/1" for ::1 at 2016-03-10 16:06:11 -0700

AbstractController::ActionNotFound (The action 'options' could not be found for ApplicationController):
  actionpack (4.2.5.2) lib/abstract_controller/base.rb:132:in `process'
  actionview (4.2.5.2) lib/action_view/rendering.rb:30:in `process'
  actionpack (4.2.5.2) lib/action_controller/metal.rb:196:in `dispatch'
  actionpack (4.2.5.2) lib/action_controller/metal/rack_delegation.rb:13:in `dispatch'
  actionpack (4.2.5.2) lib/action_controller/metal.rb:237:in `block in action'
  actionpack (4.2.5.2) lib/action_dispatch/routing/route_set.rb:74:in `call'
  actionpack (4.2.5.2) lib/action_dispatch/routing/route_set.rb:74:in `dispatch'
  actionpack (4.2.5.2) lib/action_dispatch/routing/route_set.rb:43:in `serve'
  actionpack (4.2.5.2) lib/action_dispatch/journey/router.rb:43:in `block in serve'
  actionpack (4.2.5.2) lib/action_dispatch/journey/router.rb:30:in `each'
  actionpack (4.2.5.2) lib/action_dispatch/journey/router.rb:30:in `serve'
  actionpack (4.2.5.2) lib/action_dispatch/routing/route_set.rb:815:in `call'
  rack (1.6.4) lib/rack/etag.rb:24:in `call'
  rack (1.6.4) lib/rack/conditionalget.rb:38:in `call'
  rack (1.6.4) lib/rack/head.rb:13:in `call'
  actionpack (4.2.5.2) lib/action_dispatch/middleware/params_parser.rb:27:in `call'
  actionpack (4.2.5.2) lib/action_dispatch/middleware/cookies.rb:560:in `call'
  activerecord (4.2.5.2) lib/active_record/query_cache.rb:36:in `call'
  activerecord (4.2.5.2) lib/active_record/connection_adapters/abstract/connection_pool.rb:653:in `call'
  activerecord (4.2.5.2) lib/active_record/migration.rb:377:in `call'
  actionpack (4.2.5.2) lib/action_dispatch/middleware/callbacks.rb:29:in `block in call'
  activesupport (4.2.5.2) lib/active_support/callbacks.rb:88:in `__run_callbacks__'
  activesupport (4.2.5.2) lib/active_support/callbacks.rb:778:in `_run_call_callbacks'
  activesupport (4.2.5.2) lib/active_support/callbacks.rb:81:in `run_callbacks'
  actionpack (4.2.5.2) lib/action_dispatch/middleware/callbacks.rb:27:in `call'
  actionpack (4.2.5.2) lib/action_dispatch/middleware/reloader.rb:73:in `call'
  actionpack (4.2.5.2) lib/action_dispatch/middleware/remote_ip.rb:78:in `call'
  actionpack (4.2.5.2) lib/action_dispatch/middleware/debug_exceptions.rb:17:in `call'
  actionpack (4.2.5.2) lib/action_dispatch/middleware/show_exceptions.rb:30:in `call'
  railties (4.2.5.2) lib/rails/rack/logger.rb:38:in `call_app'
  railties (4.2.5.2) lib/rails/rack/logger.rb:20:in `block in call'
  activesupport (4.2.5.2) lib/active_support/tagged_logging.rb:68:in `block in tagged'
  activesupport (4.2.5.2) lib/active_support/tagged_logging.rb:26:in `tagged'
  activesupport (4.2.5.2) lib/active_support/tagged_logging.rb:68:in `tagged'
  railties (4.2.5.2) lib/rails/rack/logger.rb:20:in `call'
  actionpack (4.2.5.2) lib/action_dispatch/middleware/request_id.rb:21:in `call'
  rack (1.6.4) lib/rack/runtime.rb:18:in `call'
  activesupport (4.2.5.2) lib/active_support/cache/strategy/local_cache_middleware.rb:28:in `call'
  rack (1.6.4) lib/rack/lock.rb:17:in `call'
  actionpack (4.2.5.2) lib/action_dispatch/middleware/static.rb:116:in `call'
  railties (4.2.5.2) lib/rails/engine.rb:518:in `call'
  railties (4.2.5.2) lib/rails/application.rb:165:in `call'
  rack (1.6.4) lib/rack/lock.rb:17:in `call'
  rack (1.6.4) lib/rack/content_length.rb:15:in `call'
  rack (1.6.4) lib/rack/handler/webrick.rb:88:in `service'
  /Users/hunabsys/.rvm/rubies/ruby-2.2.2/lib/ruby/2.2.0/webrick/httpserver.rb:138:in `service'
  /Users/hunabsys/.rvm/rubies/ruby-2.2.2/lib/ruby/2.2.0/webrick/httpserver.rb:94:in `run'
  /Users/hunabsys/.rvm/rubies/ruby-2.2.2/lib/ruby/2.2.0/webrick/server.rb:294:in `block in start_thread'


  Rendered /Users/hunabsys/.rvm/gems/ruby-2.2.2@global/gems/actionpack-4.2.5.2/lib/action_dispatch/middleware/templates/rescues/unknown_action.html.erb within rescues/layout (0.4ms)


Started GET "/tasks" for ::1 at 2016-03-10 16:06:28 -0700
Processing by TasksController#index as HTML
  [1m[35mTask Load (0.3ms)[0m  SELECT "tasks".* FROM "tasks"
Completed 200 OK in 6ms (Views: 3.6ms | ActiveRecord: 0.6ms)


Started OPTIONS "/tasks/1" for ::1 at 2016-03-10 16:06:30 -0700
Processing by ApplicationController#options as */*
  Parameters: {"any"=>"tasks/1"}
Completed 200 OK in 0ms (ActiveRecord: 0.0ms)


Started GET "/tasks" for ::1 at 2016-03-10 16:09:53 -0700
Processing by TasksController#index as HTML
  [1m[36mTask Load (0.2ms)[0m  [1mSELECT "tasks".* FROM "tasks"[0m
Completed 200 OK in 1ms (Views: 1.1ms | ActiveRecord: 0.2ms)
